Feature: Service Provider

  Background:                                                                                               # ServiceProvider.feature:3
    Given I am logged into the application with user "myappssolutions33@gmail.com" and password "password1" # LoginStepdefs.applicationLogin(String,String)
    And I wait "20" seconds                                                                                 # GlobalStepdefs.waitForSpecifiedTime(int)
    Then the "Service Provider" page should load                                                            # GlobalStepdefs.checkPageLoad(String,String,String)

  @Sanity1
  Scenario: Verify Conference Facility Creation                                                                                                              # ServiceProvider.feature:10
    When I click the "Facility" element                                                                                                                      # GlobalStepdefs.clickMiscElement(String,String,String)
    And I click the "Add Facility" button                                                                                                                    # GlobalStepdefs.clickButton(String,String)
    And I select "Conference Room" from the "Select Facility Type" dropdown                                                                                  # GlobalStepdefs.selectFromDropdown(String,String,String)
    And I click the "Add Location" button                                                                                                                    # GlobalStepdefs.clickButton(String,String)
    And I select "Bangalore" from the "Select City" dropdown                                                                                                 # GlobalStepdefs.selectFromDropdown(String,String,String)
    And I select "JP Nagar" from the "Locality" dropdown                                                                                                     # GlobalStepdefs.selectFromDropdown(String,String,String)
    And I enter "bilekahalli" in the "Please Enter Name" field                                                                                               # GlobalStepdefs.enterInTheField(String,String)
    And I enter "dsr galleria" in the "Please Enter address" field                                                                                           # GlobalStepdefs.enterInTheField(String,String)
    And I enter "signal" in the "Please Enter landmark" field                                                                                                # GlobalStepdefs.enterInTheField(String,String)
    And I enter "incubex" in the "Please Enter nearBy" field                                                                                                 # GlobalStepdefs.enterInTheField(String,String)
    And I enter "These terms and conditions, are subjected to change from time to time, shall apply to all our services" in the "Terms And Conditions" field # GlobalStepdefs.enterInTheField(String,String)
    And I click the "Add" button                                                                                                                             # GlobalStepdefs.clickButton(String,String)
    Then I click the "OK" button                                                                                                                             # GlobalStepdefs.clickButton(String,String)
    And I select "bilekahalli" from the "Building/Location" dropdown                                                                                         # GlobalStepdefs.selectFromDropdown(String,String,String)
      org.openqa.selenium.WebDriverException: Element <select id="select_location" class="inputContainer requiredFields locatiobSelector ng-untouched ng-pristine ng-valid"> is not clickable at point (623.375,744) because another element <div class="confirmAlert"> obscures it
      Build info: version: '3.5.3', revision: 'a88d25fe6b', time: '2017-08-29T12:42:44.417Z'
      System info: host: 'LENOVO', ip: '192.168.3.132', os.name: 'Windows 7', os.arch: 'amd64', os.version: '6.1', java.version: '1.8.0_144'
      Driver info: org.openqa.selenium.firefox.FirefoxDriver
      Capabilities [{moz:profile=C:\Users\aparna\AppData\Local\Temp\rust_mozprofile.sBHUH5Z0w1yW, rotatable=false, timeouts={implicit=0, pageLoad=300000, script=30000}, pageLoadStrategy=normal, moz:headless=false, platform=XP, moz:accessibilityChecks=false, moz:useNonSpecCompliantPointerOrigin=false, acceptInsecureCerts=false, browserVersion=59.0.2, platformVersion=6.1, moz:processID=6496, browserName=firefox, javascriptEnabled=true, platformName=XP, moz:webdriverClick=true}]
      Session ID: 69554c7c-4dea-443b-b5b0-c98e57018eb6
      	at sun.reflect.NativeConstructorAccessorImpl.newInstance0(Native Method)
      	at sun.reflect.NativeConstructorAccessorImpl.newInstance(NativeConstructorAccessorImpl.java:62)
      	at sun.reflect.DelegatingConstructorAccessorImpl.newInstance(DelegatingConstructorAccessorImpl.java:45)
      	at java.lang.reflect.Constructor.newInstance(Constructor.java:423)
      	at org.openqa.selenium.remote.http.W3CHttpResponseCodec.createException(W3CHttpResponseCodec.java:185)
      	at org.openqa.selenium.remote.http.W3CHttpResponseCodec.decode(W3CHttpResponseCodec.java:120)
      	at org.openqa.selenium.remote.http.W3CHttpResponseCodec.decode(W3CHttpResponseCodec.java:49)
      	at org.openqa.selenium.remote.HttpCommandExecutor.execute(HttpCommandExecutor.java:164)
      	at org.openqa.selenium.remote.service.DriverCommandExecutor.execute(DriverCommandExecutor.java:82)
      	at org.openqa.selenium.remote.RemoteWebDriver.execute(RemoteWebDriver.java:646)
      	at org.openqa.selenium.remote.RemoteWebElement.execute(RemoteWebElement.java:275)
      	at org.openqa.selenium.remote.RemoteWebElement.click(RemoteWebElement.java:82)
      	at support.Page.selectDropDownOption(Page.java:470)
      	at support.Page.selectDropDownInPane(Page.java:1066)
      	at stepDefinitions.GlobalStepdefs.selectFromDropdown(GlobalStepdefs.java:471)
      	at âœ½.And I select "bilekahalli" from the "Building/Location" dropdown(ServiceProvider.feature:24)

    And I enter "conference 999" in the "Facility Meeting Room Name" field                                                                                   # GlobalStepdefs.enterInTheField(String,String)
    And I enter "100" in the "Facility No Of Seats" field                                                                                                    # GlobalStepdefs.enterInTheField(String,String)
    And I enter "1000" in the "Facility Area Size Sq" field                                                                                                  # GlobalStepdefs.enterInTheField(String,String)
    And I enter "adding conference room" in the "Facility Description" field                                                                                 # GlobalStepdefs.enterInTheField(String,String)
    #        And I click the "Image Upload" element
    #        And I upload the "Image 1" file
    #        And I click the "Image Upload" element
    #        And I upload the "Image 2" file
    #        And I click the "Image Upload" element
    #        And I upload the "Image 3" file
    And I wait "30" seconds                                                                                                                                  # GlobalStepdefs.waitForSpecifiedTime(int)
    And I check the following checkboxes                                                                                                                     # ServiceProviderStepdefs.checkMulitipleCheckBoxEntries(String,DataTable)
    #        And I click the "Save" button
    And I click the "Next" button                                                                                                                            # GlobalStepdefs.clickButton(String,String)
    And I enter "10" in the "Cost Per Hour" field                                                                                                            # GlobalStepdefs.enterInTheField(String,String)
    And I enter "100" in the "Cost Per Day" field                                                                                                            # GlobalStepdefs.enterInTheField(String,String)
    And I enter "1000" in the "Cost Per Month" field                                                                                                         # GlobalStepdefs.enterInTheField(String,String)
    And I click the "Offer Add" button                                                                                                                       # GlobalStepdefs.clickButton(String,String)
    And I enter "2018-03-2" in the "From" field                                                                                                              # GlobalStepdefs.enterInTheField(String,String)
    And I enter "2018-03-2" in the "To" field                                                                                                                # GlobalStepdefs.enterInTheField(String,String)
    And I enter "10" in the "% Of Offer" field                                                                                                               # GlobalStepdefs.enterInTheField(String,String)
    And I click the "Cancel Add" button                                                                                                                      # GlobalStepdefs.clickButton(String,String)
    And I enter "1" in the "No Of Days Before" field                                                                                                         # GlobalStepdefs.enterInTheField(String,String)
    And I enter "10" in the "% Of Deduction" field                                                                                                           # GlobalStepdefs.enterInTheField(String,String)
    And I enter "2" in the "No Of Days Before2" field                                                                                                        # GlobalStepdefs.enterInTheField(String,String)
    And I enter "20" in the "% Of Deduction2" field                                                                                                          # GlobalStepdefs.enterInTheField(String,String)
    And I enter "3" in the "No Of Days Before3" field                                                                                                        # GlobalStepdefs.enterInTheField(String,String)
    And I enter "30" in the "% Of Deduction3" field                                                                                                          # GlobalStepdefs.enterInTheField(String,String)
    And I enter "8497995311" in the "Sp Contact Number" field                                                                                                # GlobalStepdefs.enterInTheField(String,String)
    And I enter "aparna.b@myapps-solutions.com" in the "Sp Email" field                                                                                      # GlobalStepdefs.enterInTheField(String,String)
    And I select "Both" from the "Payment Mode" dropdown                                                                                                     # GlobalStepdefs.selectFromDropdown(String,String,String)
    And I check the "Request Huddil Verfication" checkbox                                                                                                    # GlobalStepdefs.checkCheckBox(String,String,String,String)
    And I click the "Next2" button                                                                                                                           # GlobalStepdefs.clickButton(String,String)
    And I click the "Submit" button                                                                                                                          # GlobalStepdefs.clickButton(String,String)
    And I wait "20" seconds                                                                                                                                  # GlobalStepdefs.waitForSpecifiedTime(int)
    Then I click the "Success OK" button                                                                                                                     # GlobalStepdefs.clickButton(String,String)

  Background:                                                                                               # ServiceProvider.feature:3
    Given I am logged into the application with user "myappssolutions33@gmail.com" and password "password1" # LoginStepdefs.applicationLogin(String,String)
    And I wait "20" seconds                                                                                 # GlobalStepdefs.waitForSpecifiedTime(int)
    Then the "Service Provider" page should load                                                            # GlobalStepdefs.checkPageLoad(String,String,String)

  @Sanity1
  Scenario: Verify  conference Block Facility                  # ServiceProvider.feature:74
    When I click the "Facility" element                        # GlobalStepdefs.clickMiscElement(String,String,String)
    And I enter "conference 1" in the "Facility Title" field   # GlobalStepdefs.enterInTheField(String,String)
    Then I click the "Search" button                           # GlobalStepdefs.clickButton(String,String)
    And I wait "5" seconds                                     # GlobalStepdefs.waitForSpecifiedTime(int)
    Then I select the facility "conference 1"                  # ServiceProviderStepdefs.selectFacility(String)
    And I wait "3" seconds                                     # GlobalStepdefs.waitForSpecifiedTime(int)
    And I click the "Manage Facility" button                   # GlobalStepdefs.clickButton(String,String)
    And I wait "5" seconds                                     # GlobalStepdefs.waitForSpecifiedTime(int)
    And I select the "Block Facility" radiobutton              # ServiceProviderStepdefs.clickRadioButton(String)
      java.lang.NullPointerException
      	at stepDefinitions.ServiceProviderStepdefs.clickRadioButton(ServiceProviderStepdefs.java:90)
      	at âœ½.And I select the "Block Facility" radiobutton(ServiceProvider.feature:83)

    And I enter "2018-04-20 18:00:00" in the "From Date" field # GlobalStepdefs.enterInTheField(String,String)
    And I enter "2018-04-30 19:00:00" in the "To Date" field   # GlobalStepdefs.enterInTheField(String,String)
    And I click the "Block Facility" button                    # GlobalStepdefs.clickButton(String,String)

  Background:                                                                                               # ServiceProvider.feature:3
    Given I am logged into the application with user "myappssolutions33@gmail.com" and password "password1" # LoginStepdefs.applicationLogin(String,String)
    And I wait "20" seconds                                                                                 # GlobalStepdefs.waitForSpecifiedTime(int)
    Then the "Service Provider" page should load                                                            # GlobalStepdefs.checkPageLoad(String,String,String)

  @Sanity1
  Scenario: Verify  conference Deactivate Facility                # ServiceProvider.feature:89
    When I click the "Facility" element                           # GlobalStepdefs.clickMiscElement(String,String,String)
    And I enter "conf 3" in the "Facility Title" field            # GlobalStepdefs.enterInTheField(String,String)
    Then I click the "Search" button                              # GlobalStepdefs.clickButton(String,String)
    And I wait "5" seconds                                        # GlobalStepdefs.waitForSpecifiedTime(int)
    Then I select the facility "conf 3"                           # ServiceProviderStepdefs.selectFacility(String)
      java.lang.NullPointerException
      	at stepDefinitions.ServiceProviderStepdefs.selectFacility(ServiceProviderStepdefs.java:65)
      	at âœ½.Then I select the facility "conf 3"(ServiceProvider.feature:94)

    And I click the "Manage Facility" button                      # GlobalStepdefs.clickButton(String,String)
    And I wait "10" seconds                                       # GlobalStepdefs.waitForSpecifiedTime(int)
    And I select the "Deactivate Facility" radiobutton            # ServiceProviderStepdefs.clickRadioButton(String)
    And I enter "Not good" in the "Reason For Deactivation" field # GlobalStepdefs.enterInTheField(String,String)
    And I click the "Deactivate" button                           # GlobalStepdefs.clickButton(String,String)
    And I wait "10" seconds                                       # GlobalStepdefs.waitForSpecifiedTime(int)
    And I click the "Confirm" button                              # GlobalStepdefs.clickButton(String,String)
    Then I click the "OK" button                                  # GlobalStepdefs.clickButton(String,String)

  Background:                                                                                               # ServiceProvider.feature:3
    Given I am logged into the application with user "myappssolutions33@gmail.com" and password "password1" # LoginStepdefs.applicationLogin(String,String)
      org.openqa.selenium.WebDriverException: Failed to decode response from marionette
      Build info: version: '3.5.3', revision: 'a88d25fe6b', time: '2017-08-29T12:42:44.417Z'
      System info: host: 'LENOVO', ip: '192.168.3.132', os.name: 'Windows 7', os.arch: 'amd64', os.version: '6.1', java.version: '1.8.0_144'
      Driver info: org.openqa.selenium.firefox.FirefoxDriver
      Capabilities [{moz:profile=C:\Users\aparna\AppData\Local\Temp\rust_mozprofile.6E6Za9Kb8xA9, rotatable=false, timeouts={implicit=0, pageLoad=300000, script=30000}, pageLoadStrategy=normal, moz:headless=false, platform=XP, moz:accessibilityChecks=false, moz:useNonSpecCompliantPointerOrigin=false, acceptInsecureCerts=false, browserVersion=59.0.2, platformVersion=6.1, moz:processID=7488, browserName=firefox, javascriptEnabled=true, platformName=XP, moz:webdriverClick=true}]
      Session ID: 875340ee-b928-486c-af69-3e71331fa4d0
      *** Element info: {Using=xpath, value=//a[@class='topMenuRound' and text()='Login']}
      	at sun.reflect.NativeConstructorAccessorImpl.newInstance0(Native Method)
      	at sun.reflect.NativeConstructorAccessorImpl.newInstance(NativeConstructorAccessorImpl.java:62)
      	at sun.reflect.DelegatingConstructorAccessorImpl.newInstance(DelegatingConstructorAccessorImpl.java:45)
      	at java.lang.reflect.Constructor.newInstance(Constructor.java:423)
      	at org.openqa.selenium.remote.http.W3CHttpResponseCodec.createException(W3CHttpResponseCodec.java:185)
      	at org.openqa.selenium.remote.http.W3CHttpResponseCodec.decode(W3CHttpResponseCodec.java:120)
      	at org.openqa.selenium.remote.http.W3CHttpResponseCodec.decode(W3CHttpResponseCodec.java:49)
      	at org.openqa.selenium.remote.HttpCommandExecutor.execute(HttpCommandExecutor.java:164)
      	at org.openqa.selenium.remote.service.DriverCommandExecutor.execute(DriverCommandExecutor.java:82)
      	at org.openqa.selenium.remote.RemoteWebDriver.execute(RemoteWebDriver.java:646)
      	at org.openqa.selenium.remote.RemoteWebDriver.findElement(RemoteWebDriver.java:416)
      	at org.openqa.selenium.remote.RemoteWebDriver.findElementByXPath(RemoteWebDriver.java:518)
      	at org.openqa.selenium.By$ByXPath.findElement(By.java:361)
      	at org.openqa.selenium.remote.RemoteWebDriver.findElement(RemoteWebDriver.java:408)
      	at utils.SetUpFile.setUpBrowser(SetUpFile.java:197)
      	at stepDefinitions.Hooks.openBrowser(Hooks.java:60)
      	at stepDefinitions.LoginStepdefs.applicationLogin(LoginStepdefs.java:55)
      	at âœ½.Given I am logged into the application with user "myappssolutions33@gmail.com" and password "password1"(ServiceProvider.feature:4)

    And I wait "20" seconds                                                                                 # GlobalStepdefs.waitForSpecifiedTime(int)
    Then the "Service Provider" page should load                                                            # GlobalStepdefs.checkPageLoad(String,String,String)
Failure in after hook:Hooks.closeBrowserAndTakeScreenShot(Scenario)
Message: org.openqa.selenium.SessionNotCreatedException: Tried to run command without establishing a connection
Build info: version: '3.5.3', revision: 'a88d25fe6b', time: '2017-08-29T12:42:44.417Z'
System info: host: 'LENOVO', ip: '192.168.3.132', os.name: 'Windows 7', os.arch: 'amd64', os.version: '6.1', java.version: '1.8.0_144'
Driver info: org.openqa.selenium.firefox.FirefoxDriver
Capabilities [{moz:profile=C:\Users\aparna\AppData\Local\Temp\rust_mozprofile.6E6Za9Kb8xA9, rotatable=false, timeouts={implicit=0, pageLoad=300000, script=30000}, pageLoadStrategy=normal, moz:headless=false, platform=XP, moz:accessibilityChecks=false, moz:useNonSpecCompliantPointerOrigin=false, acceptInsecureCerts=false, browserVersion=59.0.2, platformVersion=6.1, moz:processID=7488, browserName=firefox, javascriptEnabled=true, platformName=XP, moz:webdriverClick=true}]
Session ID: 875340ee-b928-486c-af69-3e71331fa4d0
	at sun.reflect.NativeConstructorAccessorImpl.newInstance0(Native Method)
	at sun.reflect.NativeConstructorAccessorImpl.newInstance(NativeConstructorAccessorImpl.java:62)
	at sun.reflect.DelegatingConstructorAccessorImpl.newInstance(DelegatingConstructorAccessorImpl.java:45)
	at java.lang.reflect.Constructor.newInstance(Constructor.java:423)
	at org.openqa.selenium.remote.http.W3CHttpResponseCodec.createException(W3CHttpResponseCodec.java:185)
	at org.openqa.selenium.remote.http.W3CHttpResponseCodec.decode(W3CHttpResponseCodec.java:120)
	at org.openqa.selenium.remote.http.W3CHttpResponseCodec.decode(W3CHttpResponseCodec.java:49)
	at org.openqa.selenium.remote.HttpCommandExecutor.execute(HttpCommandExecutor.java:164)
	at org.openqa.selenium.remote.service.DriverCommandExecutor.execute(DriverCommandExecutor.java:82)
	at org.openqa.selenium.remote.RemoteWebDriver.execute(RemoteWebDriver.java:646)
	at org.openqa.selenium.remote.RemoteWebDriver.execute(RemoteWebDriver.java:703)
	at org.openqa.selenium.remote.RemoteWebDriver.quit(RemoteWebDriver.java:542)
	at stepDefinitions.Hooks.closeBrowserAndTakeScreenShot(Hooks.java:92)
	at sun.reflect.NativeMethodAccessorImpl.invoke0(Native Method)
	at sun.reflect.NativeMethodAccessorImpl.invoke(NativeMethodAccessorImpl.java:62)
	at sun.reflect.DelegatingMethodAccessorImpl.invoke(DelegatingMethodAccessorImpl.java:43)
	at java.lang.reflect.Method.invoke(Method.java:498)
	at cucumber.runtime.Utils$1.call(Utils.java:37)
	at cucumber.runtime.Timeout.timeout(Timeout.java:13)
	at cucumber.runtime.Utils.invoke(Utils.java:31)
	at cucumber.runtime.java.JavaHookDefinition.execute(JavaHookDefinition.java:60)
	at cucumber.runtime.Runtime.runHookIfTagsMatch(Runtime.java:223)
	at cucumber.runtime.Runtime.runHooks(Runtime.java:211)
	at cucumber.runtime.Runtime.runAfterHooks(Runtime.java:205)
	at cucumber.runtime.model.CucumberScenario.run(CucumberScenario.java:46)
	at cucumber.runtime.junit.ExecutionUnitRunner.run(ExecutionUnitRunner.java:91)
	at cucumber.runtime.junit.FeatureRunner.runChild(FeatureRunner.java:63)
	at cucumber.runtime.junit.FeatureRunner.runChild(FeatureRunner.java:18)
	at org.junit.runners.ParentRunner$3.run(ParentRunner.java:290)
	at org.junit.runners.ParentRunner$1.schedule(ParentRunner.java:71)
	at org.junit.runners.ParentRunner.runChildren(ParentRunner.java:288)
	at org.junit.runners.ParentRunner.access$000(ParentRunner.java:58)
	at org.junit.runners.ParentRunner$2.evaluate(ParentRunner.java:268)
	at org.junit.runners.ParentRunner.run(ParentRunner.java:363)
	at cucumber.runtime.junit.FeatureRunner.run(FeatureRunner.java:70)
	at cucumber.api.junit.Cucumber.runChild(Cucumber.java:93)
	at cucumber.api.junit.Cucumber.runChild(Cucumber.java:37)
	at org.junit.runners.ParentRunner$3.run(ParentRunner.java:290)
	at org.junit.runners.ParentRunner$1.schedule(ParentRunner.java:71)
	at org.junit.runners.ParentRunner.runChildren(ParentRunner.java:288)
	at org.junit.runners.ParentRunner.access$000(ParentRunner.java:58)
	at org.junit.runners.ParentRunner$2.evaluate(ParentRunner.java:268)
	at org.junit.internal.runners.statements.RunBefores.evaluate(RunBefores.java:26)
	at org.junit.internal.runners.statements.RunAfters.evaluate(RunAfters.java:27)
	at org.junit.runners.ParentRunner.run(ParentRunner.java:363)
	at cucumber.api.junit.Cucumber.run(Cucumber.java:98)
	at org.apache.maven.surefire.junit4.JUnit4Provider.execute(JUnit4Provider.java:365)
	at org.apache.maven.surefire.junit4.JUnit4Provider.executeWithRerun(JUnit4Provider.java:272)
	at org.apache.maven.surefire.junit4.JUnit4Provider.executeTestSet(JUnit4Provider.java:236)
	at org.apache.maven.surefire.junit4.JUnit4Provider.invoke(JUnit4Provider.java:159)
	at org.apache.maven.surefire.booter.ForkedBooter.invokeProviderInSameClassLoader(ForkedBooter.java:386)
	at org.apache.maven.surefire.booter.ForkedBooter.runSuitesInProcess(ForkedBooter.java:323)
	at org.apache.maven.surefire.booter.ForkedBooter.main(ForkedBooter.java:143)

      org.openqa.selenium.SessionNotCreatedException: Tried to run command without establishing a connection
      Build info: version: '3.5.3', revision: 'a88d25fe6b', time: '2017-08-29T12:42:44.417Z'
      System info: host: 'LENOVO', ip: '192.168.3.132', os.name: 'Windows 7', os.arch: 'amd64', os.version: '6.1', java.version: '1.8.0_144'
      Driver info: org.openqa.selenium.firefox.FirefoxDriver
      Capabilities [{moz:profile=C:\Users\aparna\AppData\Local\Temp\rust_mozprofile.6E6Za9Kb8xA9, rotatable=false, timeouts={implicit=0, pageLoad=300000, script=30000}, pageLoadStrategy=normal, moz:headless=false, platform=XP, moz:accessibilityChecks=false, moz:useNonSpecCompliantPointerOrigin=false, acceptInsecureCerts=false, browserVersion=59.0.2, platformVersion=6.1, moz:processID=7488, browserName=firefox, javascriptEnabled=true, platformName=XP, moz:webdriverClick=true}]
      Session ID: 875340ee-b928-486c-af69-3e71331fa4d0
      	at sun.reflect.NativeConstructorAccessorImpl.newInstance0(Native Method)
      	at sun.reflect.NativeConstructorAccessorImpl.newInstance(NativeConstructorAccessorImpl.java:62)
      	at sun.reflect.DelegatingConstructorAccessorImpl.newInstance(DelegatingConstructorAccessorImpl.java:45)
      	at java.lang.reflect.Constructor.newInstance(Constructor.java:423)
      	at org.openqa.selenium.remote.http.W3CHttpResponseCodec.createException(W3CHttpResponseCodec.java:185)
      	at org.openqa.selenium.remote.http.W3CHttpResponseCodec.decode(W3CHttpResponseCodec.java:120)
      	at org.openqa.selenium.remote.http.W3CHttpResponseCodec.decode(W3CHttpResponseCodec.java:49)
      	at org.openqa.selenium.remote.HttpCommandExecutor.execute(HttpCommandExecutor.java:164)
      	at org.openqa.selenium.remote.service.DriverCommandExecutor.execute(DriverCommandExecutor.java:82)
      	at org.openqa.selenium.remote.RemoteWebDriver.execute(RemoteWebDriver.java:646)
      	at org.openqa.selenium.remote.RemoteWebDriver.execute(RemoteWebDriver.java:703)
      	at org.openqa.selenium.remote.RemoteWebDriver.quit(RemoteWebDriver.java:542)
      	at stepDefinitions.Hooks.closeBrowserAndTakeScreenShot(Hooks.java:92)
      	at sun.reflect.NativeMethodAccessorImpl.invoke0(Native Method)
      	at sun.reflect.NativeMethodAccessorImpl.invoke(NativeMethodAccessorImpl.java:62)
      	at sun.reflect.DelegatingMethodAccessorImpl.invoke(DelegatingMethodAccessorImpl.java:43)
      	at java.lang.reflect.Method.invoke(Method.java:498)
      	at cucumber.runtime.Utils$1.call(Utils.java:37)
      	at cucumber.runtime.Timeout.timeout(Timeout.java:13)
      	at cucumber.runtime.Utils.invoke(Utils.java:31)
      	at cucumber.runtime.java.JavaHookDefinition.execute(JavaHookDefinition.java:60)
      	at cucumber.runtime.Runtime.runHookIfTagsMatch(Runtime.java:223)
      	at cucumber.runtime.Runtime.runHooks(Runtime.java:211)
      	at cucumber.runtime.Runtime.runAfterHooks(Runtime.java:205)
      	at cucumber.runtime.model.CucumberScenario.run(CucumberScenario.java:46)
      	at cucumber.runtime.junit.ExecutionUnitRunner.run(ExecutionUnitRunner.java:91)
      	at cucumber.runtime.junit.FeatureRunner.runChild(FeatureRunner.java:63)
      	at cucumber.runtime.junit.FeatureRunner.runChild(FeatureRunner.java:18)
      	at org.junit.runners.ParentRunner$3.run(ParentRunner.java:290)
      	at org.junit.runners.ParentRunner$1.schedule(ParentRunner.java:71)
      	at org.junit.runners.ParentRunner.runChildren(ParentRunner.java:288)
      	at org.junit.runners.ParentRunner.access$000(ParentRunner.java:58)
      	at org.junit.runners.ParentRunner$2.evaluate(ParentRunner.java:268)
      	at org.junit.runners.ParentRunner.run(ParentRunner.java:363)
      	at cucumber.runtime.junit.FeatureRunner.run(FeatureRunner.java:70)
      	at cucumber.api.junit.Cucumber.runChild(Cucumber.java:93)
      	at cucumber.api.junit.Cucumber.runChild(Cucumber.java:37)
      	at org.junit.runners.ParentRunner$3.run(ParentRunner.java:290)
      	at org.junit.runners.ParentRunner$1.schedule(ParentRunner.java:71)
      	at org.junit.runners.ParentRunner.runChildren(ParentRunner.java:288)
      	at org.junit.runners.ParentRunner.access$000(ParentRunner.java:58)
      	at org.junit.runners.ParentRunner$2.evaluate(ParentRunner.java:268)
      	at org.junit.internal.runners.statements.RunBefores.evaluate(RunBefores.java:26)
      	at org.junit.internal.runners.statements.RunAfters.evaluate(RunAfters.java:27)
      	at org.junit.runners.ParentRunner.run(ParentRunner.java:363)
      	at cucumber.api.junit.Cucumber.run(Cucumber.java:98)
      	at org.apache.maven.surefire.junit4.JUnit4Provider.execute(JUnit4Provider.java:365)
      	at org.apache.maven.surefire.junit4.JUnit4Provider.executeWithRerun(JUnit4Provider.java:272)
      	at org.apache.maven.surefire.junit4.JUnit4Provider.executeTestSet(JUnit4Provider.java:236)
      	at org.apache.maven.surefire.junit4.JUnit4Provider.invoke(JUnit4Provider.java:159)
      	at org.apache.maven.surefire.booter.ForkedBooter.invokeProviderInSameClassLoader(ForkedBooter.java:386)
      	at org.apache.maven.surefire.booter.ForkedBooter.runSuitesInProcess(ForkedBooter.java:323)
      	at org.apache.maven.surefire.booter.ForkedBooter.main(ForkedBooter.java:143)


  @Sanity1
  Scenario: Verify  conference Activate Facility       # ServiceProvider.feature:105
    When I click the "Facility" element                # GlobalStepdefs.clickMiscElement(String,String,String)
    And I enter "conf 3" in the "Facility Title" field # GlobalStepdefs.enterInTheField(String,String)
    Then I click the "Search" button                   # GlobalStepdefs.clickButton(String,String)
    And I wait "5" seconds                             # GlobalStepdefs.waitForSpecifiedTime(int)
    Then I select the facility "conf 3"                # ServiceProviderStepdefs.selectFacility(String)
    And I click the "Manage Facility" button           # GlobalStepdefs.clickButton(String,String)
    And I wait "10" seconds                            # GlobalStepdefs.waitForSpecifiedTime(int)
    And I select the "Activate Facility" radiobutton   # ServiceProviderStepdefs.clickRadioButton(String)
    And I click the "Activate" button                  # GlobalStepdefs.clickButton(String,String)
    And I wait "10" seconds                            # GlobalStepdefs.waitForSpecifiedTime(int)
    Then I click the "OK" button                       # GlobalStepdefs.clickButton(String,String)

  Background:                                                                                               # ServiceProvider.feature:3
    Given I am logged into the application with user "myappssolutions33@gmail.com" and password "password1" # LoginStepdefs.applicationLogin(String,String)
      org.openqa.selenium.WebDriverException: Process unexpectedly closed with status: 0
      Build info: version: '3.5.3', revision: 'a88d25fe6b', time: '2017-08-29T12:42:44.417Z'
      System info: host: 'LENOVO', ip: '192.168.3.132', os.name: 'Windows 7', os.arch: 'amd64', os.version: '6.1', java.version: '1.8.0_144'
      Driver info: driver.version: FirefoxDriver
      remote stacktrace: stack backtrace:
         0:           0x47e934 - <no info>
         1:           0x47f0a3 - <no info>
         2:           0x442649 - <no info>
         3:           0x449cc3 - <no info>
         4:           0x42a890 - <no info>
         5:           0x406f5e - <no info>
         6:           0x40cfc9 - <no info>
         7:           0x6bef19 - <no info>
         8:           0x420756 - <no info>
         9:           0x6b96e0 - <no info>
        10:         0x76d559cd - BaseThreadInitThunk
      	at sun.reflect.NativeConstructorAccessorImpl.newInstance0(Native Method)
      	at sun.reflect.NativeConstructorAccessorImpl.newInstance(NativeConstructorAccessorImpl.java:62)
      	at sun.reflect.DelegatingConstructorAccessorImpl.newInstance(DelegatingConstructorAccessorImpl.java:45)
      	at java.lang.reflect.Constructor.newInstance(Constructor.java:423)
      	at org.openqa.selenium.remote.W3CHandshakeResponse.lambda$new$0(W3CHandshakeResponse.java:57)
      	at org.openqa.selenium.remote.W3CHandshakeResponse.lambda$getResponseFunction$2(W3CHandshakeResponse.java:104)
      	at org.openqa.selenium.remote.ProtocolHandshake.lambda$createSession$24(ProtocolHandshake.java:359)
      	at java.util.stream.ReferencePipeline$3$1.accept(ReferencePipeline.java:193)
      	at java.util.Spliterators$ArraySpliterator.tryAdvance(Spliterators.java:958)
      	at java.util.stream.ReferencePipeline.forEachWithCancel(ReferencePipeline.java:126)
      	at java.util.stream.AbstractPipeline.copyIntoWithCancel(AbstractPipeline.java:498)
      	at java.util.stream.AbstractPipeline.copyInto(AbstractPipeline.java:485)
      	at java.util.stream.AbstractPipeline.wrapAndCopyInto(AbstractPipeline.java:471)
      	at java.util.stream.FindOps$FindOp.evaluateSequential(FindOps.java:152)
      	at java.util.stream.AbstractPipeline.evaluate(AbstractPipeline.java:234)
      	at java.util.stream.ReferencePipeline.findFirst(ReferencePipeline.java:464)
      	at org.openqa.selenium.remote.ProtocolHandshake.createSession(ProtocolHandshake.java:362)
      	at org.openqa.selenium.remote.ProtocolHandshake.createSession(ProtocolHandshake.java:136)
      	at org.openqa.selenium.remote.HttpCommandExecutor.execute(HttpCommandExecutor.java:142)
      	at org.openqa.selenium.remote.service.DriverCommandExecutor.execute(DriverCommandExecutor.java:82)
      	at org.openqa.selenium.remote.RemoteWebDriver.execute(RemoteWebDriver.java:646)
      	at org.openqa.selenium.remote.RemoteWebDriver.startSession(RemoteWebDriver.java:255)
      	at org.openqa.selenium.remote.RemoteWebDriver.startSession(RemoteWebDriver.java:237)
      	at org.openqa.selenium.remote.RemoteWebDriver.<init>(RemoteWebDriver.java:138)
      	at org.openqa.selenium.firefox.FirefoxDriver.<init>(FirefoxDriver.java:191)
      	at org.openqa.selenium.firefox.FirefoxDriver.<init>(FirefoxDriver.java:103)
      	at utils.SetUpFile.setUpBrowser(SetUpFile.java:152)
      	at stepDefinitions.Hooks.openBrowser(Hooks.java:60)
      	at stepDefinitions.LoginStepdefs.applicationLogin(LoginStepdefs.java:55)
      	at âœ½.Given I am logged into the application with user "myappssolutions33@gmail.com" and password "password1"(ServiceProvider.feature:4)

    And I wait "20" seconds                                                                                 # GlobalStepdefs.waitForSpecifiedTime(int)
    Then the "Service Provider" page should load                                                            # GlobalStepdefs.checkPageLoad(String,String,String)

  @Sanity1
  Scenario: Verify  conference Price Details Facility       # ServiceProvider.feature:119
    When I click the "Facility" element                     # GlobalStepdefs.clickMiscElement(String,String,String)
    And I enter "conf 3" in the "Facility Title" field      # GlobalStepdefs.enterInTheField(String,String)
    Then I click the "Search" button                        # GlobalStepdefs.clickButton(String,String)
    Then I select the facility "conf 3"                     # ServiceProviderStepdefs.selectFacility(String)
    And I click the "Manage Facility" button                # GlobalStepdefs.clickButton(String,String)
    And I wait "10" seconds                                 # GlobalStepdefs.waitForSpecifiedTime(int)
    And I select the "Price Details" radiobutton            # ServiceProviderStepdefs.clickRadioButton(String)
    And I wait "2" seconds                                  # GlobalStepdefs.waitForSpecifiedTime(int)
    And I enter "10" in the "Update Cost Per Hour" field    # GlobalStepdefs.enterInTheField(String,String)
    And I enter "100" in the "Update Cost Per Day" field    # GlobalStepdefs.enterInTheField(String,String)
    And I enter "1000" in the "Update Cost Per Month" field # GlobalStepdefs.enterInTheField(String,String)
    Then I click the "Update Price" button                  # GlobalStepdefs.clickButton(String,String)
    Then I click the "OK" button                            # GlobalStepdefs.clickButton(String,String)

  Background:                                                                                               # ServiceProvider.feature:3
    Given I am logged into the application with user "myappssolutions33@gmail.com" and password "password1" # LoginStepdefs.applicationLogin(String,String)
      org.openqa.selenium.WebDriverException: Process unexpectedly closed with status: 0
      Build info: version: '3.5.3', revision: 'a88d25fe6b', time: '2017-08-29T12:42:44.417Z'
      System info: host: 'LENOVO', ip: '192.168.3.132', os.name: 'Windows 7', os.arch: 'amd64', os.version: '6.1', java.version: '1.8.0_144'
      Driver info: driver.version: FirefoxDriver
      remote stacktrace: stack backtrace:
         0:           0x47e934 - <no info>
         1:           0x47f0a3 - <no info>
         2:           0x442649 - <no info>
         3:           0x449cc3 - <no info>
         4:           0x42a890 - <no info>
         5:           0x406f5e - <no info>
         6:           0x40cfc9 - <no info>
         7:           0x6bef19 - <no info>
         8:           0x420756 - <no info>
         9:           0x6b96e0 - <no info>
        10:         0x76d559cd - BaseThreadInitThunk
      	at sun.reflect.NativeConstructorAccessorImpl.newInstance0(Native Method)
      	at sun.reflect.NativeConstructorAccessorImpl.newInstance(NativeConstructorAccessorImpl.java:62)
      	at sun.reflect.DelegatingConstructorAccessorImpl.newInstance(DelegatingConstructorAccessorImpl.java:45)
      	at java.lang.reflect.Constructor.newInstance(Constructor.java:423)
      	at org.openqa.selenium.remote.W3CHandshakeResponse.lambda$new$0(W3CHandshakeResponse.java:57)
      	at org.openqa.selenium.remote.W3CHandshakeResponse.lambda$getResponseFunction$2(W3CHandshakeResponse.java:104)
      	at org.openqa.selenium.remote.ProtocolHandshake.lambda$createSession$24(ProtocolHandshake.java:359)
      	at java.util.stream.ReferencePipeline$3$1.accept(ReferencePipeline.java:193)
      	at java.util.Spliterators$ArraySpliterator.tryAdvance(Spliterators.java:958)
      	at java.util.stream.ReferencePipeline.forEachWithCancel(ReferencePipeline.java:126)
      	at java.util.stream.AbstractPipeline.copyIntoWithCancel(AbstractPipeline.java:498)
      	at java.util.stream.AbstractPipeline.copyInto(AbstractPipeline.java:485)
      	at java.util.stream.AbstractPipeline.wrapAndCopyInto(AbstractPipeline.java:471)
      	at java.util.stream.FindOps$FindOp.evaluateSequential(FindOps.java:152)
      	at java.util.stream.AbstractPipeline.evaluate(AbstractPipeline.java:234)
      	at java.util.stream.ReferencePipeline.findFirst(ReferencePipeline.java:464)
      	at org.openqa.selenium.remote.ProtocolHandshake.createSession(ProtocolHandshake.java:362)
      	at org.openqa.selenium.remote.ProtocolHandshake.createSession(ProtocolHandshake.java:136)
      	at org.openqa.selenium.remote.HttpCommandExecutor.execute(HttpCommandExecutor.java:142)
      	at org.openqa.selenium.remote.service.DriverCommandExecutor.execute(DriverCommandExecutor.java:82)
      	at org.openqa.selenium.remote.RemoteWebDriver.execute(RemoteWebDriver.java:646)
      	at org.openqa.selenium.remote.RemoteWebDriver.startSession(RemoteWebDriver.java:255)
      	at org.openqa.selenium.remote.RemoteWebDriver.startSession(RemoteWebDriver.java:237)
      	at org.openqa.selenium.remote.RemoteWebDriver.<init>(RemoteWebDriver.java:138)
      	at org.openqa.selenium.firefox.FirefoxDriver.<init>(FirefoxDriver.java:191)
      	at org.openqa.selenium.firefox.FirefoxDriver.<init>(FirefoxDriver.java:103)
      	at utils.SetUpFile.setUpBrowser(SetUpFile.java:152)
      	at stepDefinitions.Hooks.openBrowser(Hooks.java:60)
      	at stepDefinitions.LoginStepdefs.applicationLogin(LoginStepdefs.java:55)
      	at âœ½.Given I am logged into the application with user "myappssolutions33@gmail.com" and password "password1"(ServiceProvider.feature:4)

    And I wait "20" seconds                                                                                 # GlobalStepdefs.waitForSpecifiedTime(int)
    Then the "Service Provider" page should load                                                            # GlobalStepdefs.checkPageLoad(String,String,String)

  @Sanity1
  Scenario: Verify  conference facility edit                               # ServiceProvider.feature:136
    When I click the "Facility" element                                    # GlobalStepdefs.clickMiscElement(String,String,String)
    And I click the "Filter" button                                        # GlobalStepdefs.clickButton(String,String)
    And I select "Conference Room" from the "SelectFacilityType1" dropdown # GlobalStepdefs.selectFromDropdown(String,String,String)
    And I select "Denied" from the "Select Status" dropdown                # GlobalStepdefs.selectFromDropdown(String,String,String)
    Then I click the "Search" button                                       # GlobalStepdefs.clickButton(String,String)
    And I wait "5" seconds                                                 # GlobalStepdefs.waitForSpecifiedTime(int)
    Then I select the facility "conference 12"                             # ServiceProviderStepdefs.selectFacility(String)
    Then I click the "Edit" button                                         # GlobalStepdefs.clickButton(String,String)
    And I enter "100" in the "Facility No Of Seats" field                  # GlobalStepdefs.enterInTheField(String,String)
    And I wait "20" seconds                                                # GlobalStepdefs.waitForSpecifiedTime(int)
    And I click the "Next" button                                          # GlobalStepdefs.clickButton(String,String)
    And I click the "Next3" button                                         # GlobalStepdefs.clickButton(String,String)
    And I click the "Submit" button                                        # GlobalStepdefs.clickButton(String,String)
    Then I click the "OK" button                                           # GlobalStepdefs.clickButton(String,String)

  Background:                                                                                               # ServiceProvider.feature:3
    Given I am logged into the application with user "myappssolutions33@gmail.com" and password "password1" # LoginStepdefs.applicationLogin(String,String)
      org.openqa.selenium.WebDriverException: Failed to decode response from marionette
      Build info: version: '3.5.3', revision: 'a88d25fe6b', time: '2017-08-29T12:42:44.417Z'
      System info: host: 'LENOVO', ip: '192.168.3.132', os.name: 'Windows 7', os.arch: 'amd64', os.version: '6.1', java.version: '1.8.0_144'
      Driver info: org.openqa.selenium.firefox.FirefoxDriver
      Capabilities [{moz:profile=C:\Users\aparna\AppData\Local\Temp\rust_mozprofile.VWkMwaeWvBPM, rotatable=false, timeouts={implicit=0, pageLoad=300000, script=30000}, pageLoadStrategy=normal, moz:headless=false, platform=XP, moz:accessibilityChecks=false, moz:useNonSpecCompliantPointerOrigin=false, acceptInsecureCerts=false, browserVersion=59.0.2, platformVersion=6.1, moz:processID=7032, browserName=firefox, javascriptEnabled=true, platformName=XP, moz:webdriverClick=true}]
      Session ID: 34ebdd55-6a41-4a82-b75e-f667750bc6b0
      *** Element info: {Using=xpath, value=//a[@class='topMenuRound' and text()='Login']}
      	at sun.reflect.NativeConstructorAccessorImpl.newInstance0(Native Method)
      	at sun.reflect.NativeConstructorAccessorImpl.newInstance(NativeConstructorAccessorImpl.java:62)
      	at sun.reflect.DelegatingConstructorAccessorImpl.newInstance(DelegatingConstructorAccessorImpl.java:45)
      	at java.lang.reflect.Constructor.newInstance(Constructor.java:423)
      	at org.openqa.selenium.remote.http.W3CHttpResponseCodec.createException(W3CHttpResponseCodec.java:185)
      	at org.openqa.selenium.remote.http.W3CHttpResponseCodec.decode(W3CHttpResponseCodec.java:120)
      	at org.openqa.selenium.remote.http.W3CHttpResponseCodec.decode(W3CHttpResponseCodec.java:49)
      	at org.openqa.selenium.remote.HttpCommandExecutor.execute(HttpCommandExecutor.java:164)
      	at org.openqa.selenium.remote.service.DriverCommandExecutor.execute(DriverCommandExecutor.java:82)
      	at org.openqa.selenium.remote.RemoteWebDriver.execute(RemoteWebDriver.java:646)
      	at org.openqa.selenium.remote.RemoteWebDriver.findElement(RemoteWebDriver.java:416)
      	at org.openqa.selenium.remote.RemoteWebDriver.findElementByXPath(RemoteWebDriver.java:518)
      	at org.openqa.selenium.By$ByXPath.findElement(By.java:361)
      	at org.openqa.selenium.remote.RemoteWebDriver.findElement(RemoteWebDriver.java:408)
      	at utils.SetUpFile.setUpBrowser(SetUpFile.java:197)
      	at stepDefinitions.Hooks.openBrowser(Hooks.java:60)
      	at stepDefinitions.LoginStepdefs.applicationLogin(LoginStepdefs.java:55)
      	at âœ½.Given I am logged into the application with user "myappssolutions33@gmail.com" and password "password1"(ServiceProvider.feature:4)

    And I wait "20" seconds                                                                                 # GlobalStepdefs.waitForSpecifiedTime(int)
    Then the "Service Provider" page should load                                                            # GlobalStepdefs.checkPageLoad(String,String,String)
Failure in after hook:Hooks.closeBrowserAndTakeScreenShot(Scenario)
Message: org.openqa.selenium.SessionNotCreatedException: Tried to run command without establishing a connection
Build info: version: '3.5.3', revision: 'a88d25fe6b', time: '2017-08-29T12:42:44.417Z'
System info: host: 'LENOVO', ip: '192.168.3.132', os.name: 'Windows 7', os.arch: 'amd64', os.version: '6.1', java.version: '1.8.0_144'
Driver info: org.openqa.selenium.firefox.FirefoxDriver
Capabilities [{moz:profile=C:\Users\aparna\AppData\Local\Temp\rust_mozprofile.VWkMwaeWvBPM, rotatable=false, timeouts={implicit=0, pageLoad=300000, script=30000}, pageLoadStrategy=normal, moz:headless=false, platform=XP, moz:accessibilityChecks=false, moz:useNonSpecCompliantPointerOrigin=false, acceptInsecureCerts=false, browserVersion=59.0.2, platformVersion=6.1, moz:processID=7032, browserName=firefox, javascriptEnabled=true, platformName=XP, moz:webdriverClick=true}]
Session ID: 34ebdd55-6a41-4a82-b75e-f667750bc6b0
	at sun.reflect.NativeConstructorAccessorImpl.newInstance0(Native Method)
	at sun.reflect.NativeConstructorAccessorImpl.newInstance(NativeConstructorAccessorImpl.java:62)
	at sun.reflect.DelegatingConstructorAccessorImpl.newInstance(DelegatingConstructorAccessorImpl.java:45)
	at java.lang.reflect.Constructor.newInstance(Constructor.java:423)
	at org.openqa.selenium.remote.http.W3CHttpResponseCodec.createException(W3CHttpResponseCodec.java:185)
	at org.openqa.selenium.remote.http.W3CHttpResponseCodec.decode(W3CHttpResponseCodec.java:120)
	at org.openqa.selenium.remote.http.W3CHttpResponseCodec.decode(W3CHttpResponseCodec.java:49)
	at org.openqa.selenium.remote.HttpCommandExecutor.execute(HttpCommandExecutor.java:164)
	at org.openqa.selenium.remote.service.DriverCommandExecutor.execute(DriverCommandExecutor.java:82)
	at org.openqa.selenium.remote.RemoteWebDriver.execute(RemoteWebDriver.java:646)
	at org.openqa.selenium.remote.RemoteWebDriver.execute(RemoteWebDriver.java:703)
	at org.openqa.selenium.remote.RemoteWebDriver.quit(RemoteWebDriver.java:542)
	at stepDefinitions.Hooks.closeBrowserAndTakeScreenShot(Hooks.java:92)
	at sun.reflect.NativeMethodAccessorImpl.invoke0(Native Method)
	at sun.reflect.NativeMethodAccessorImpl.invoke(NativeMethodAccessorImpl.java:62)
	at sun.reflect.DelegatingMethodAccessorImpl.invoke(DelegatingMethodAccessorImpl.java:43)
	at java.lang.reflect.Method.invoke(Method.java:498)
	at cucumber.runtime.Utils$1.call(Utils.java:37)
	at cucumber.runtime.Timeout.timeout(Timeout.java:13)
	at cucumber.runtime.Utils.invoke(Utils.java:31)
	at cucumber.runtime.java.JavaHookDefinition.execute(JavaHookDefinition.java:60)
	at cucumber.runtime.Runtime.runHookIfTagsMatch(Runtime.java:223)
	at cucumber.runtime.Runtime.runHooks(Runtime.java:211)
	at cucumber.runtime.Runtime.runAfterHooks(Runtime.java:205)
	at cucumber.runtime.model.CucumberScenario.run(CucumberScenario.java:46)
	at cucumber.runtime.junit.ExecutionUnitRunner.run(ExecutionUnitRunner.java:91)
	at cucumber.runtime.junit.FeatureRunner.runChild(FeatureRunner.java:63)
	at cucumber.runtime.junit.FeatureRunner.runChild(FeatureRunner.java:18)
	at org.junit.runners.ParentRunner$3.run(ParentRunner.java:290)
	at org.junit.runners.ParentRunner$1.schedule(ParentRunner.java:71)
	at org.junit.runners.ParentRunner.runChildren(ParentRunner.java:288)
	at org.junit.runners.ParentRunner.access$000(ParentRunner.java:58)
	at org.junit.runners.ParentRunner$2.evaluate(ParentRunner.java:268)
	at org.junit.runners.ParentRunner.run(ParentRunner.java:363)
	at cucumber.runtime.junit.FeatureRunner.run(FeatureRunner.java:70)
	at cucumber.api.junit.Cucumber.runChild(Cucumber.java:93)
	at cucumber.api.junit.Cucumber.runChild(Cucumber.java:37)
	at org.junit.runners.ParentRunner$3.run(ParentRunner.java:290)
	at org.junit.runners.ParentRunner$1.schedule(ParentRunner.java:71)
	at org.junit.runners.ParentRunner.runChildren(ParentRunner.java:288)
	at org.junit.runners.ParentRunner.access$000(ParentRunner.java:58)
	at org.junit.runners.ParentRunner$2.evaluate(ParentRunner.java:268)
	at org.junit.internal.runners.statements.RunBefores.evaluate(RunBefores.java:26)
	at org.junit.internal.runners.statements.RunAfters.evaluate(RunAfters.java:27)
	at org.junit.runners.ParentRunner.run(ParentRunner.java:363)
	at cucumber.api.junit.Cucumber.run(Cucumber.java:98)
	at org.apache.maven.surefire.junit4.JUnit4Provider.execute(JUnit4Provider.java:365)
	at org.apache.maven.surefire.junit4.JUnit4Provider.executeWithRerun(JUnit4Provider.java:272)
	at org.apache.maven.surefire.junit4.JUnit4Provider.executeTestSet(JUnit4Provider.java:236)
	at org.apache.maven.surefire.junit4.JUnit4Provider.invoke(JUnit4Provider.java:159)
	at org.apache.maven.surefire.booter.ForkedBooter.invokeProviderInSameClassLoader(ForkedBooter.java:386)
	at org.apache.maven.surefire.booter.ForkedBooter.runSuitesInProcess(ForkedBooter.java:323)
	at org.apache.maven.surefire.booter.ForkedBooter.main(ForkedBooter.java:143)

      org.openqa.selenium.SessionNotCreatedException: Tried to run command without establishing a connection
      Build info: version: '3.5.3', revision: 'a88d25fe6b', time: '2017-08-29T12:42:44.417Z'
      System info: host: 'LENOVO', ip: '192.168.3.132', os.name: 'Windows 7', os.arch: 'amd64', os.version: '6.1', java.version: '1.8.0_144'
      Driver info: org.openqa.selenium.firefox.FirefoxDriver
      Capabilities [{moz:profile=C:\Users\aparna\AppData\Local\Temp\rust_mozprofile.VWkMwaeWvBPM, rotatable=false, timeouts={implicit=0, pageLoad=300000, script=30000}, pageLoadStrategy=normal, moz:headless=false, platform=XP, moz:accessibilityChecks=false, moz:useNonSpecCompliantPointerOrigin=false, acceptInsecureCerts=false, browserVersion=59.0.2, platformVersion=6.1, moz:processID=7032, browserName=firefox, javascriptEnabled=true, platformName=XP, moz:webdriverClick=true}]
      Session ID: 34ebdd55-6a41-4a82-b75e-f667750bc6b0
      	at sun.reflect.NativeConstructorAccessorImpl.newInstance0(Native Method)
      	at sun.reflect.NativeConstructorAccessorImpl.newInstance(NativeConstructorAccessorImpl.java:62)
      	at sun.reflect.DelegatingConstructorAccessorImpl.newInstance(DelegatingConstructorAccessorImpl.java:45)
      	at java.lang.reflect.Constructor.newInstance(Constructor.java:423)
      	at org.openqa.selenium.remote.http.W3CHttpResponseCodec.createException(W3CHttpResponseCodec.java:185)
      	at org.openqa.selenium.remote.http.W3CHttpResponseCodec.decode(W3CHttpResponseCodec.java:120)
      	at org.openqa.selenium.remote.http.W3CHttpResponseCodec.decode(W3CHttpResponseCodec.java:49)
      	at org.openqa.selenium.remote.HttpCommandExecutor.execute(HttpCommandExecutor.java:164)
      	at org.openqa.selenium.remote.service.DriverCommandExecutor.execute(DriverCommandExecutor.java:82)
      	at org.openqa.selenium.remote.RemoteWebDriver.execute(RemoteWebDriver.java:646)
      	at org.openqa.selenium.remote.RemoteWebDriver.execute(RemoteWebDriver.java:703)
      	at org.openqa.selenium.remote.RemoteWebDriver.quit(RemoteWebDriver.java:542)
      	at stepDefinitions.Hooks.closeBrowserAndTakeScreenShot(Hooks.java:92)
      	at sun.reflect.NativeMethodAccessorImpl.invoke0(Native Method)
      	at sun.reflect.NativeMethodAccessorImpl.invoke(NativeMethodAccessorImpl.java:62)
      	at sun.reflect.DelegatingMethodAccessorImpl.invoke(DelegatingMethodAccessorImpl.java:43)
      	at java.lang.reflect.Method.invoke(Method.java:498)
      	at cucumber.runtime.Utils$1.call(Utils.java:37)
      	at cucumber.runtime.Timeout.timeout(Timeout.java:13)
      	at cucumber.runtime.Utils.invoke(Utils.java:31)
      	at cucumber.runtime.java.JavaHookDefinition.execute(JavaHookDefinition.java:60)
      	at cucumber.runtime.Runtime.runHookIfTagsMatch(Runtime.java:223)
      	at cucumber.runtime.Runtime.runHooks(Runtime.java:211)
      	at cucumber.runtime.Runtime.runAfterHooks(Runtime.java:205)
      	at cucumber.runtime.model.CucumberScenario.run(CucumberScenario.java:46)
      	at cucumber.runtime.junit.ExecutionUnitRunner.run(ExecutionUnitRunner.java:91)
      	at cucumber.runtime.junit.FeatureRunner.runChild(FeatureRunner.java:63)
      	at cucumber.runtime.junit.FeatureRunner.runChild(FeatureRunner.java:18)
      	at org.junit.runners.ParentRunner$3.run(ParentRunner.java:290)
      	at org.junit.runners.ParentRunner$1.schedule(ParentRunner.java:71)
      	at org.junit.runners.ParentRunner.runChildren(ParentRunner.java:288)
      	at org.junit.runners.ParentRunner.access$000(ParentRunner.java:58)
      	at org.junit.runners.ParentRunner$2.evaluate(ParentRunner.java:268)
      	at org.junit.runners.ParentRunner.run(ParentRunner.java:363)
      	at cucumber.runtime.junit.FeatureRunner.run(FeatureRunner.java:70)
      	at cucumber.api.junit.Cucumber.runChild(Cucumber.java:93)
      	at cucumber.api.junit.Cucumber.runChild(Cucumber.java:37)
      	at org.junit.runners.ParentRunner$3.run(ParentRunner.java:290)
      	at org.junit.runners.ParentRunner$1.schedule(ParentRunner.java:71)
      	at org.junit.runners.ParentRunner.runChildren(ParentRunner.java:288)
      	at org.junit.runners.ParentRunner.access$000(ParentRunner.java:58)
      	at org.junit.runners.ParentRunner$2.evaluate(ParentRunner.java:268)
      	at org.junit.internal.runners.statements.RunBefores.evaluate(RunBefores.java:26)
      	at org.junit.internal.runners.statements.RunAfters.evaluate(RunAfters.java:27)
      	at org.junit.runners.ParentRunner.run(ParentRunner.java:363)
      	at cucumber.api.junit.Cucumber.run(Cucumber.java:98)
      	at org.apache.maven.surefire.junit4.JUnit4Provider.execute(JUnit4Provider.java:365)
      	at org.apache.maven.surefire.junit4.JUnit4Provider.executeWithRerun(JUnit4Provider.java:272)
      	at org.apache.maven.surefire.junit4.JUnit4Provider.executeTestSet(JUnit4Provider.java:236)
      	at org.apache.maven.surefire.junit4.JUnit4Provider.invoke(JUnit4Provider.java:159)
      	at org.apache.maven.surefire.booter.ForkedBooter.invokeProviderInSameClassLoader(ForkedBooter.java:386)
      	at org.apache.maven.surefire.booter.ForkedBooter.runSuitesInProcess(ForkedBooter.java:323)
      	at org.apache.maven.surefire.booter.ForkedBooter.main(ForkedBooter.java:143)


  @Sanity1
  Scenario: Verify conference cancelled booking                                  # ServiceProvider.feature:153
    When I click the "Booking" element                                           # GlobalStepdefs.clickMiscElement(String,String,String)
    And I enter "305" in the "Booking Id" field                                  # GlobalStepdefs.enterInTheField(String,String)
    Then I click the "Search" button                                             # GlobalStepdefs.clickButton(String,String)
    And I wait "5" seconds                                                       # GlobalStepdefs.waitForSpecifiedTime(int)
    And I click the element with booking id "305" and booking status "Confirmed" # GlobalStepdefs.selectBooking(String,String)
    And I click the "Cancel Booking" button                                      # GlobalStepdefs.clickButton(String,String)
    Then I click the "YES" button                                                # GlobalStepdefs.clickButton(String,String)
    Then I click the "Success OK" button                                         # GlobalStepdefs.clickButton(String,String)
